<?xml version="1.0" encoding="UTF-8"?>
<!-- Generated by org.testng.reporters.JUnitXMLReporter -->
<testsuite ignored="0" hostname="PC19982" failures="0" tests="3" name="Suite-1" time="9.723" errors="0" timestamp="2021-04-26T10:51:42 ICT">
  <testcase classname="test.DataProviderWithExcel_002" name="@BeforeMethod beforeMethod" time="0.0">
    <failure type="java.lang.NullPointerException" message="Cannot invoke &amp;quot;org.openqa.selenium.WebDriver.get(String)&amp;quot; because &amp;quot;this.driver&amp;quot; is null">
      <![CDATA[java.lang.NullPointerException: Cannot invoke "org.openqa.selenium.WebDriver.get(String)" because "this.driver" is null
at test.DataProviderWithExcel_002.beforeMethod(DataProviderWithExcel_002.java:27)
at java.base/java.util.concurrent.ThreadPoolExecutor.runWorker(ThreadPoolExecutor.java:1130)
at java.base/java.util.concurrent.ThreadPoolExecutor$Worker.run(ThreadPoolExecutor.java:630)
at java.base/java.lang.Thread.run(Thread.java:832)
... Removed 16 stack frames]]>
    </failure>
  </testcase> <!-- @BeforeMethod beforeMethod -->
  <testcase classname="test.DataProviderWithExcel_002" name="@AfterMethod afterMethod" time="-1.619409093672E9">
    <skipped/>
  </testcase> <!-- @AfterMethod afterMethod -->
  <testcase classname="test.DataProviderWithExcel_003" name="@BeforeMethod beforeMethod" time="0.0">
    <failure type="java.lang.NullPointerException" message="Cannot invoke &amp;quot;org.openqa.selenium.WebDriver.get(String)&amp;quot; because &amp;quot;this.driver&amp;quot; is null">
      <![CDATA[java.lang.NullPointerException: Cannot invoke "org.openqa.selenium.WebDriver.get(String)" because "this.driver" is null
at test.DataProviderWithExcel_003.beforeMethod(DataProviderWithExcel_003.java:27)
at java.base/java.util.concurrent.ThreadPoolExecutor.runWorker(ThreadPoolExecutor.java:1130)
at java.base/java.util.concurrent.ThreadPoolExecutor$Worker.run(ThreadPoolExecutor.java:630)
at java.base/java.lang.Thread.run(Thread.java:832)
... Removed 16 stack frames]]>
    </failure>
  </testcase> <!-- @BeforeMethod beforeMethod -->
  <testcase classname="test.DataProviderWithExcel_003" name="@AfterMethod afterMethod" time="-1.619409093733E9">
    <skipped/>
  </testcase> <!-- @AfterMethod afterMethod -->
  <testcase classname="test.DataProviderWithExcel_002" name="f" time="0.0">
    <skipped/>
  </testcase> <!-- f -->
  <testcase classname="test.DataProviderWithExcel_003" name="f" time="0.0">
    <skipped/>
  </testcase> <!-- f -->
  <testcase classname="test.DataProviderWithExcel_001" name="f" time="2.338"/>
</testsuite> <!-- Suite-1 -->
